<?xml version="1.0" encoding="UTF-8"?>
<coverage generated="1537227897979" clover="3.2.0">
  <project timestamp="1537227897980" name="All files">
    <metrics statements="10" coveredstatements="2" conditionals="0" coveredconditionals="0" methods="2" coveredmethods="1" elements="12" coveredelements="3" complexity="0" loc="10" ncloc="10" packages="2" files="2" classes="2">
      <package name="client.components">
        <metrics statements="2" coveredstatements="2" conditionals="0" coveredconditionals="0" methods="1" coveredmethods="1"/>
        <file name="NavBar.jsx" path="/Users/servandojbernarico/Downloads/HackReactor/fec-imdb/fec-fmdb-servando-navbar/client/components/NavBar.jsx">
          <metrics statements="2" coveredstatements="2" conditionals="0" coveredconditionals="0" methods="1" coveredmethods="1"/>
          <line num="4" count="1" type="stmt"/>
          <line num="5" count="4" type="stmt"/>
        </file>
      </package>
      <package name="server">
        <metrics statements="8" coveredstatements="0" conditionals="0" coveredconditionals="0" methods="1" coveredmethods="0"/>
        <file name="index.js" path="/Users/servandojbernarico/Downloads/HackReactor/fec-imdb/fec-fmdb-servando-navbar/server/index.js">
          <metrics statements="8" coveredstatements="0" conditionals="0" coveredconditionals="0" methods="1" coveredmethods="0"/>
          <line num="1" count="0" type="stmt"/>
          <line num="2" count="0" type="stmt"/>
          <line num="3" count="0" type="stmt"/>
          <line num="5" count="0" type="stmt"/>
          <line num="7" count="0" type="stmt"/>
          <line num="9" count="0" type="stmt"/>
          <line num="10" count="0" type="stmt"/>
          <line num="13" count="0" type="stmt"/>
        </file>
      </package>
    </metrics>
  </project>
</coverage>
