{"/Users/servandojbernarico/Downloads/HackReactor/fec-imdb/fec-fmdb-servando-navbar/client/components/NavBar.jsx": {"path":"/Users/servandojbernarico/Downloads/HackReactor/fec-imdb/fec-fmdb-servando-navbar/client/components/NavBar.jsx","statementMap":{"0":{"start":{"line":4,"column":15},"end":{"line":209,"column":1}},"1":{"start":{"line":5,"column":2},"end":{"line":208,"column":4}}},"fnMap":{"0":{"name":"(anonymous_0)","decl":{"start":{"line":4,"column":15},"end":{"line":4,"column":16}},"loc":{"start":{"line":4,"column":21},"end":{"line":209,"column":1}},"line":4}},"branchMap":{},"s":{"0":1,"1":4},"f":{"0":4},"b":{},"_coverageSchema":"332fd63041d2c1bcb487cc26dd0d5f7d97098a6c","hash":"122db6641ab9b5312b01b53067d8ba3af71bef0a"}
,"/Users/servandojbernarico/Downloads/HackReactor/fec-imdb/fec-fmdb-servando-navbar/server/index.js": {"path":"/Users/servandojbernarico/Downloads/HackReactor/fec-imdb/fec-fmdb-servando-navbar/server/index.js","statementMap":{"0":{"start":{"line":1,"column":16},"end":{"line":1,"column":0}},"1":{"start":{"line":2,"column":13},"end":{"line":2,"column":0}},"2":{"start":{"line":3,"column":13},"end":{"line":3,"column":0}},"3":{"start":{"line":5,"column":12},"end":{"line":5,"column":0}},"4":{"start":{"line":7,"column":0},"end":{"line":null,"column":-1}},"5":{"start":{"line":9,"column":0},"end":{"line":null,"column":-1}},"6":{"start":{"line":10,"column":2},"end":{"line":null,"column":-1}},"7":{"start":{"line":13,"column":0},"end":{"line":null,"column":-1}}},"fnMap":{"0":{"name":"(anonymous_0)","decl":{"start":{"line":9,"column":17},"end":{"line":9,"column":22}},"loc":{"start":{"line":9,"column":23},"end":{"line":9,"column":0}}}},"branchMap":{},"s":{"0":0,"1":0,"2":0,"3":0,"4":0,"5":0,"6":0,"7":0},"f":{"0":0},"b":{}}
}
